Using pre-set license
Built from '6000.0/staging' branch; Version is '6000.0.33f1 (433b0a79340b) revision 4406026'; Using compiler version '193933523'; Build Type 'Release'
OS: 'Windows 11  (10.0.22631) 64bit Professional' Language: 'ru' Physical Memory: 16008 MB
BatchMode: 1, IsHumanControllingUs: 0, StartBugReporterOnCrash: 0, Is64bit: 1, IsPro: 1

COMMAND LINE ARGUMENTS:
C:\Program Files\Unity\Hub\Editor\6000.0.33f1\Editor\Unity.exe
-adb2
-batchMode
-noUpm
-name
AssetImportWorker11
-projectPath
C:/Users/fatli/LetsBuildFlat
-logFile
Logs/AssetImportWorker11.log
-srvPort
59130
-job-worker-count
7
-background-job-worker-count
8
-gc-helper-count
1
Successfully changed project path to: C:/Users/fatli/LetsBuildFlat
C:/Users/fatli/LetsBuildFlat
[UnityMemory] Configuration Parameters - Can be set up in boot.config
    "memorysetup-bucket-allocator-granularity=16"
    "memorysetup-bucket-allocator-bucket-count=8"
    "memorysetup-bucket-allocator-block-size=33554432"
    "memorysetup-bucket-allocator-block-count=8"
    "memorysetup-main-allocator-block-size=16777216"
    "memorysetup-thread-allocator-block-size=16777216"
    "memorysetup-gfx-main-allocator-block-size=16777216"
    "memorysetup-gfx-thread-allocator-block-size=16777216"
    "memorysetup-cache-allocator-block-size=4194304"
    "memorysetup-typetree-allocator-block-size=2097152"
    "memorysetup-profiler-bucket-allocator-granularity=16"
    "memorysetup-profiler-bucket-allocator-bucket-count=8"
    "memorysetup-profiler-bucket-allocator-block-size=33554432"
    "memorysetup-profiler-bucket-allocator-block-count=8"
    "memorysetup-profiler-allocator-block-size=16777216"
    "memorysetup-profiler-editor-allocator-block-size=1048576"
    "memorysetup-temp-allocator-size-main=16777216"
    "memorysetup-job-temp-allocator-block-size=2097152"
    "memorysetup-job-temp-allocator-block-size-background=1048576"
    "memorysetup-job-temp-allocator-reduction-small-platforms=262144"
    "memorysetup-allocator-temp-initial-block-size-main=262144"
    "memorysetup-allocator-temp-initial-block-size-worker=262144"
    "memorysetup-temp-allocator-size-background-worker=32768"
    "memorysetup-temp-allocator-size-job-worker=262144"
    "memorysetup-temp-allocator-size-preload-manager=33554432"
    "memorysetup-temp-allocator-size-nav-mesh-worker=65536"
    "memorysetup-temp-allocator-size-audio-worker=65536"
    "memorysetup-temp-allocator-size-cloud-worker=32768"
    "memorysetup-temp-allocator-size-gi-baking-worker=262144"
    "memorysetup-temp-allocator-size-gi-baking-worker=262144"
    "memorysetup-temp-allocator-size-gi-baking-worker=262144"
    "memorysetup-temp-allocator-size-gi-baking-worker=262144"
    "memorysetup-temp-allocator-size-gi-baking-worker=262144"
    "memorysetup-temp-allocator-size-gfx=262144"
Player connection [35588]  Target information:

Player connection [35588]  * "[IP] 192.168.56.1 [Port] 0 [Flags] 2 [Guid] 2450001262 [EditorId] 2450001262 [Version] 1048832 [Id] WindowsEditor(7,UMK) [Debug] 1 [PackageName] WindowsEditor [ProjectName] Editor" 

Player connection [35588]  * "[IP] 192.168.0.106 [Port] 0 [Flags] 2 [Guid] 2450001262 [EditorId] 2450001262 [Version] 1048832 [Id] WindowsEditor(7,UMK) [Debug] 1 [PackageName] WindowsEditor [ProjectName] Editor" 

Player connection [35588] Host joined multi-casting on [225.0.0.222:54997]...
Player connection [35588] Host joined alternative multi-casting on [225.0.0.222:34997]...
JobSystem: Creating JobQueue using job-worker-count value 7
[Physics::Module] Initialized fallback backend.
[Physics::Module] Id: 0xdecafbad
Library Redirect Path: Library/
[Physics::Module] Selected backend.
[Physics::Module] Name: PhysX
[Physics::Module] Id: 0xf2b8ea05
[Physics::Module] SDK Version: 4.1.2
[Physics::Module] Integration Version: 1.0.0
[Physics::Module] Threading Mode: Multi-Threaded
Refreshing native plugins compatible for Editor in 0.95 ms, found 3 plugins.
Preloading 0 native plugins for Editor in 0.00 ms.
Initialize engine version: 6000.0.33f1 (433b0a79340b)
[Subsystems] Discovering subsystems at path C:/Program Files/Unity/Hub/Editor/6000.0.33f1/Editor/Data/Resources/UnitySubsystems
[Subsystems] Discovering subsystems at path C:/Users/fatli/LetsBuildFlat/Assets
GfxDevice: creating device client; kGfxThreadingModeNonThreaded
Direct3D:
    Version:  Direct3D 11.0 [level 11.1]
    Renderer: NVIDIA GeForce RTX 4050 Laptop GPU (ID=0x28e1)
    Vendor:   NVIDIA
    VRAM:     5921 MB
    Driver:   32.0.15.6614
Initialize mono
Mono path[0] = 'C:/Program Files/Unity/Hub/Editor/6000.0.33f1/Editor/Data/Managed'
Mono path[1] = 'C:/Program Files/Unity/Hub/Editor/6000.0.33f1/Editor/Data/MonoBleedingEdge/lib/mono/unityjit-win32'
Mono config path = 'C:/Program Files/Unity/Hub/Editor/6000.0.33f1/Editor/Data/MonoBleedingEdge/etc'
Using monoOptions --debugger-agent=transport=dt_socket,embedding=1,server=y,suspend=n,address=127.0.0.1:56584
Begin MonoManager ReloadAssembly
Registering precompiled unity dll's ...
Register platform support module: C:/Program Files/Unity/Hub/Editor/6000.0.33f1/Editor/Data/PlaybackEngines/WindowsStandaloneSupport/UnityEditor.WindowsStandalone.Extensions.dll
Register platform support module: C:/Program Files/Unity/Hub/Editor/6000.0.33f1/Editor/Data/PlaybackEngines/AndroidPlayer/UnityEditor.Android.Extensions.dll
Registered in 0.002563 seconds.
- Loaded All Assemblies, in  0.317 seconds
Native extension for Android target not found
Android Extension - Scanning For ADB Devices 190 ms
Native extension for WindowsStandalone target not found
Mono: successfully reloaded assembly
- Finished resetting the current domain, in  0.487 seconds
Domain Reload Profiling: 803ms
	BeginReloadAssembly (111ms)
		ExecutionOrderSort (0ms)
		DisableScriptedObjects (0ms)
		BackupInstance (0ms)
		ReleaseScriptingObjects (0ms)
		CreateAndSetChildDomain (0ms)
	RebuildCommonClasses (33ms)
	RebuildNativeTypeToScriptingClass (10ms)
	initialDomainReloadingComplete (41ms)
	LoadAllAssembliesAndSetupDomain (122ms)
		LoadAssemblies (110ms)
		RebuildTransferFunctionScriptingTraits (0ms)
		AnalyzeDomain (119ms)
			TypeCache.Refresh (117ms)
				TypeCache.ScanAssembly (107ms)
			BuildScriptInfoCaches (0ms)
			ResolveRequiredComponents (0ms)
	FinalizeReload (488ms)
		ReleaseScriptCaches (0ms)
		RebuildScriptCaches (0ms)
		SetupLoadedEditorAssemblies (450ms)
			LogAssemblyErrors (0ms)
			InitializePlatformSupportModulesInManaged (262ms)
			SetLoadedEditorAssemblies (3ms)
			BeforeProcessingInitializeOnLoad (40ms)
			ProcessInitializeOnLoadAttributes (94ms)
			ProcessInitializeOnLoadMethodAttributes (51ms)
			AfterProcessingInitializeOnLoad (0ms)
			EditorAssembliesLoaded (0ms)
		ExecutionOrderSort2 (0ms)
		AwakeInstancesAfterBackupRestoration (0ms)
========================================================================
Worker process is ready to serve import requests
Import Worker Mode flag is 0x00
Begin MonoManager ReloadAssembly
- Loaded All Assemblies, in  0.624 seconds
Refreshing native plugins compatible for Editor in 0.51 ms, found 3 plugins.
Native extension for Android target not found
Native extension for WindowsStandalone target not found
Mono: successfully reloaded assembly
- Finished resetting the current domain, in  0.602 seconds
Domain Reload Profiling: 1222ms
	BeginReloadAssembly (141ms)
		ExecutionOrderSort (0ms)
		DisableScriptedObjects (4ms)
		BackupInstance (0ms)
		ReleaseScriptingObjects (0ms)
		CreateAndSetChildDomain (26ms)
	RebuildCommonClasses (30ms)
	RebuildNativeTypeToScriptingClass (9ms)
	initialDomainReloadingComplete (29ms)
	LoadAllAssembliesAndSetupDomain (410ms)
		LoadAssemblies (272ms)
		RebuildTransferFunctionScriptingTraits (0ms)
		AnalyzeDomain (225ms)
			TypeCache.Refresh (162ms)
				TypeCache.ScanAssembly (147ms)
			BuildScriptInfoCaches (52ms)
			ResolveRequiredComponents (9ms)
	FinalizeReload (602ms)
		ReleaseScriptCaches (0ms)
		RebuildScriptCaches (0ms)
		SetupLoadedEditorAssemblies (465ms)
			LogAssemblyErrors (0ms)
			InitializePlatformSupportModulesInManaged (11ms)
			SetLoadedEditorAssemblies (5ms)
			BeforeProcessingInitializeOnLoad (74ms)
			ProcessInitializeOnLoadAttributes (302ms)
			ProcessInitializeOnLoadMethodAttributes (69ms)
			AfterProcessingInitializeOnLoad (3ms)
			EditorAssembliesLoaded (0ms)
		ExecutionOrderSort2 (0ms)
		AwakeInstancesAfterBackupRestoration (4ms)
Launched and connected shader compiler UnityShaderCompiler.exe after 0.01 seconds
Refreshing native plugins compatible for Editor in 0.85 ms, found 3 plugins.
Preloading 0 native plugins for Editor in 0.00 ms.
Unloading 198 Unused Serialized files (Serialized files now loaded: 0)
Unloading 5958 unused Assets / (6.0 MB). Loaded Objects now: 6596.
Memory consumption went from 159.8 MB to 153.8 MB.
Total: 6.405700 ms (FindLiveObjects: 0.432200 ms CreateObjectMapping: 0.264700 ms MarkObjects: 3.276500 ms  DeleteObjects: 2.430700 ms)

========================================================================
Received Import Request.
  Time since last request: 1240484.583208 seconds.
  path: Assets/UnityTechnologies/Basic Asset Pack Interior/Prefabs/Floor/RugRectangleMedium.prefab
  artifactKey: Guid(0758d192278633543ad832e7ee2f264f) Importer(2089858483,192608db42251d675da83286b1cce702)
Start importing Assets/UnityTechnologies/Basic Asset Pack Interior/Prefabs/Floor/RugRectangleMedium.prefab using Guid(0758d192278633543ad832e7ee2f264f) Importer(2089858483,192608db42251d675da83286b1cce702) (ScriptedImporter) -> (artifact id: 'e5e07457742dc83635a5d1df55354cb4') in 0.171352 seconds
Number of updated asset objects reloaded before import = 0Number of asset objects unloaded after import = 8

========================================================================
Received Import Request.
  Time since last request: 0.000016 seconds.
  path: Assets/UnityTechnologies/Basic Asset Pack Interior/Prefabs/Lights/LampSmall.prefab
  artifactKey: Guid(de892086637b2954a894699a741c5465) Importer(2089858483,192608db42251d675da83286b1cce702)
Start importing Assets/UnityTechnologies/Basic Asset Pack Interior/Prefabs/Lights/LampSmall.prefab using Guid(de892086637b2954a894699a741c5465) Importer(2089858483,192608db42251d675da83286b1cce702) (ScriptedImporter) -> (artifact id: '26b0805267f3d1bc80078abb5aadcc2c') in 0.0153261 seconds
Number of updated asset objects reloaded before import = 0Number of asset objects unloaded after import = 24

========================================================================
Received Import Request.
  Time since last request: 0.000018 seconds.
  path: Assets/ithappy/Furniture_FREE/Meshes/training_item_002.fbx
  artifactKey: Guid(4f99996cfa872bf42a2af32a1d158fd7) Importer(2089858483,192608db42251d675da83286b1cce702)
Start importing Assets/ithappy/Furniture_FREE/Meshes/training_item_002.fbx using Guid(4f99996cfa872bf42a2af32a1d158fd7) Importer(2089858483,192608db42251d675da83286b1cce702) (ScriptedImporter) -> (artifact id: '0578e20eef30317f74e056c008455049') in 0.0328769 seconds
Number of updated asset objects reloaded before import = 0Number of asset objects unloaded after import = 7

========================================================================
Received Import Request.
  Time since last request: 0.000017 seconds.
  path: Assets/UnityTechnologies/Basic Asset Pack Interior/Materials/WallsBlue.mat
  artifactKey: Guid(9eaf7873583253a4eb7f91ae48b41745) Importer(2089858483,192608db42251d675da83286b1cce702)
Start importing Assets/UnityTechnologies/Basic Asset Pack Interior/Materials/WallsBlue.mat using Guid(9eaf7873583253a4eb7f91ae48b41745) Importer(2089858483,192608db42251d675da83286b1cce702) (ScriptedImporter) -> (artifact id: '6500d179321ccb39f7dfebcc5b0f201c') in 0.0282474 seconds
Number of updated asset objects reloaded before import = 0Number of asset objects unloaded after import = 2

========================================================================
Received Import Request.
  Time since last request: 0.000015 seconds.
  path: Assets/UnityTechnologies/Basic Asset Pack Interior/Textures/StripesPurple.jpg
  artifactKey: Guid(6562ded31e93f3f4ab42beb53875da47) Importer(2089858483,192608db42251d675da83286b1cce702)
Start importing Assets/UnityTechnologies/Basic Asset Pack Interior/Textures/StripesPurple.jpg using Guid(6562ded31e93f3f4ab42beb53875da47) Importer(2089858483,192608db42251d675da83286b1cce702) (ScriptedImporter) -> (artifact id: '253ac2e48243d521096842ff878710b8') in 0.038126 seconds
Number of updated asset objects reloaded before import = 0Number of asset objects unloaded after import = 1

========================================================================
Received Import Request.
  Time since last request: 0.000016 seconds.
  path: Assets/ithappy/Furniture_FREE/Prefabs/drink_002.prefab
  artifactKey: Guid(1909352e3a186894fbd045ac8fe132b8) Importer(2089858483,192608db42251d675da83286b1cce702)
Start importing Assets/ithappy/Furniture_FREE/Prefabs/drink_002.prefab using Guid(1909352e3a186894fbd045ac8fe132b8) Importer(2089858483,192608db42251d675da83286b1cce702) (ScriptedImporter) -> (artifact id: 'bfc249bd223d53c2ed567c56c872ad0e') in 0.0216282 seconds
Number of updated asset objects reloaded before import = 0Number of asset objects unloaded after import = 15

========================================================================
Received Import Request.
  Time since last request: 0.000013 seconds.
  path: Assets/UnityTechnologies/Basic Asset Pack Interior/Textures/WallPurple.jpg
  artifactKey: Guid(12230e571c05cf447960ae8b92e72374) Importer(2089858483,192608db42251d675da83286b1cce702)
Start importing Assets/UnityTechnologies/Basic Asset Pack Interior/Textures/WallPurple.jpg using Guid(12230e571c05cf447960ae8b92e72374) Importer(2089858483,192608db42251d675da83286b1cce702) (ScriptedImporter) -> (artifact id: '214dacb83f4e17315332f72db8d8db1b') in 0.0228519 seconds
Number of updated asset objects reloaded before import = 0Number of asset objects unloaded after import = 1

========================================================================
Received Import Request.
  Time since last request: 0.000014 seconds.
  path: Assets/ithappy/Furniture_FREE/Meshes/tv_wall_001.fbx
  artifactKey: Guid(58f701239c50ef14494883f16e8383cc) Importer(2089858483,192608db42251d675da83286b1cce702)
Start importing Assets/ithappy/Furniture_FREE/Meshes/tv_wall_001.fbx using Guid(58f701239c50ef14494883f16e8383cc) Importer(2089858483,192608db42251d675da83286b1cce702) (ScriptedImporter) -> (artifact id: 'cd4adecb504b43b053e90eee60b35ac6') in 0.0104145 seconds
Number of updated asset objects reloaded before import = 0Number of asset objects unloaded after import = 7

========================================================================
Received Import Request.
  Time since last request: 0.000015 seconds.
  path: Assets/ithappy/Furniture_FREE/Prefabs/bathroom_item_001.prefab
  artifactKey: Guid(ebcde7b85f0afbb42983365ec2774818) Importer(2089858483,192608db42251d675da83286b1cce702)
Start importing Assets/ithappy/Furniture_FREE/Prefabs/bathroom_item_001.prefab using Guid(ebcde7b85f0afbb42983365ec2774818) Importer(2089858483,192608db42251d675da83286b1cce702) (ScriptedImporter) -> (artifact id: 'e16612f4c65ddbdbfedc2aae02b15675') in 0.0171768 seconds
Number of updated asset objects reloaded before import = 0Number of asset objects unloaded after import = 15

========================================================================
Received Import Request.
  Time since last request: 0.000023 seconds.
  path: Assets/ithappy/Furniture_FREE/Scenes/Overview.unity
  artifactKey: Guid(efcfa86a826fb124d8b1d989c72340ef) Importer(2089858483,192608db42251d675da83286b1cce702)
Start importing Assets/ithappy/Furniture_FREE/Scenes/Overview.unity using Guid(efcfa86a826fb124d8b1d989c72340ef) Importer(2089858483,192608db42251d675da83286b1cce702) (ScriptedImporter) -> (artifact id: 'b9540f75c183883faa9b8f311c4793ff') in 0.0189685 seconds
Number of updated asset objects reloaded before import = 0Number of asset objects unloaded after import = 1

========================================================================
Received Import Request.
  Time since last request: 0.000013 seconds.
  path: Assets/UnityTechnologies/Basic Asset Pack Interior/Prefabs/Props/PlantPotMedium.prefab
  artifactKey: Guid(b2b1040f29fd5ed4bb531ba5954b983f) Importer(2089858483,192608db42251d675da83286b1cce702)
Start importing Assets/UnityTechnologies/Basic Asset Pack Interior/Prefabs/Props/PlantPotMedium.prefab using Guid(b2b1040f29fd5ed4bb531ba5954b983f) Importer(2089858483,192608db42251d675da83286b1cce702) (ScriptedImporter) -> (artifact id: '3bdff77457d8753ba997eb141a4ee2e4') in 0.0178302 seconds
Number of updated asset objects reloaded before import = 0Number of asset objects unloaded after import = 13

========================================================================
Received Import Request.
  Time since last request: 0.000014 seconds.
  path: Assets/UnityTechnologies/Basic Asset Pack Interior/Prefabs/Lights/LightCeliingDome.prefab
  artifactKey: Guid(aca4f0effb3f3614eb4ad28467e7e424) Importer(2089858483,192608db42251d675da83286b1cce702)
Start importing Assets/UnityTechnologies/Basic Asset Pack Interior/Prefabs/Lights/LightCeliingDome.prefab using Guid(aca4f0effb3f3614eb4ad28467e7e424) Importer(2089858483,192608db42251d675da83286b1cce702) (ScriptedImporter) -> (artifact id: 'ebeca3c7dbdc8b339c5399a1653b9791') in 0.0169318 seconds
Number of updated asset objects reloaded before import = 0Number of asset objects unloaded after import = 19

========================================================================
Received Import Request.
  Time since last request: 0.000014 seconds.
  path: Assets/UnityTechnologies/Basic Asset Pack Interior/Prefabs/Walls/WallWindowBay4m.prefab
  artifactKey: Guid(94dee45fe843aa543b410fcaa3596d89) Importer(2089858483,192608db42251d675da83286b1cce702)
Start importing Assets/UnityTechnologies/Basic Asset Pack Interior/Prefabs/Walls/WallWindowBay4m.prefab using Guid(94dee45fe843aa543b410fcaa3596d89) Importer(2089858483,192608db42251d675da83286b1cce702) (ScriptedImporter) -> (artifact id: '632e2373b0a1cfe9d2d7032300b75c85') in 0.0170147 seconds
Number of updated asset objects reloaded before import = 0Number of asset objects unloaded after import = 46

========================================================================
Received Import Request.
  Time since last request: 0.000015 seconds.
  path: Assets/UnityTechnologies/Basic Asset Pack Interior/Prefabs/Props/VaseRoundBottom.prefab
  artifactKey: Guid(05bcf3023cb735c43bca50eca3b1f6b5) Importer(2089858483,192608db42251d675da83286b1cce702)
Start importing Assets/UnityTechnologies/Basic Asset Pack Interior/Prefabs/Props/VaseRoundBottom.prefab using Guid(05bcf3023cb735c43bca50eca3b1f6b5) Importer(2089858483,192608db42251d675da83286b1cce702) (ScriptedImporter) -> (artifact id: '6b5c9e54880b10441926a0c8bd0dee7a') in 0.0169582 seconds
Number of updated asset objects reloaded before import = 0Number of asset objects unloaded after import = 8

========================================================================
Received Import Request.
  Time since last request: 0.000016 seconds.
  path: Assets/UnityTechnologies/Basic Asset Pack Interior/Prefabs/Walls/Wall3m.prefab
  artifactKey: Guid(6fe6a5df5ce28bc4fa5ad864a711723d) Importer(2089858483,192608db42251d675da83286b1cce702)
Start importing Assets/UnityTechnologies/Basic Asset Pack Interior/Prefabs/Walls/Wall3m.prefab using Guid(6fe6a5df5ce28bc4fa5ad864a711723d) Importer(2089858483,192608db42251d675da83286b1cce702) (ScriptedImporter) -> (artifact id: '47308929f13851945879b88275f44eeb') in 0.0152656 seconds
Number of updated asset objects reloaded before import = 0Number of asset objects unloaded after import = 14

========================================================================
Received Import Request.
  Time since last request: 0.000016 seconds.
  path: Assets/UnityTechnologies/Basic Asset Pack Interior/Models/SofaCusion.FBX
  artifactKey: Guid(adf017f7adaf78b49989e92ad9bb888a) Importer(2089858483,192608db42251d675da83286b1cce702)
Start importing Assets/UnityTechnologies/Basic Asset Pack Interior/Models/SofaCusion.FBX using Guid(adf017f7adaf78b49989e92ad9bb888a) Importer(2089858483,192608db42251d675da83286b1cce702) (ScriptedImporter) -> (artifact id: '1bb6774da4916b1d8245e57cdb38a1e4') in 0.0258977 seconds
Number of updated asset objects reloaded before import = 0Number of asset objects unloaded after import = 8

========================================================================
Received Import Request.
  Time since last request: 0.000022 seconds.
  path: Assets/UnityTechnologies/Basic Asset Pack Interior/Materials/WallGreenDarker.mat
  artifactKey: Guid(fda5f98a2190baf4eba512ae9655e2ff) Importer(2089858483,192608db42251d675da83286b1cce702)
Start importing Assets/UnityTechnologies/Basic Asset Pack Interior/Materials/WallGreenDarker.mat using Guid(fda5f98a2190baf4eba512ae9655e2ff) Importer(2089858483,192608db42251d675da83286b1cce702) (ScriptedImporter) -> (artifact id: '53bdaa14f195dbd053d593ddaf6bf72d') in 0.0167987 seconds
Number of updated asset objects reloaded before import = 0Number of asset objects unloaded after import = 2

========================================================================
Received Import Request.
  Time since last request: 0.000013 seconds.
  path: Assets/UnityTechnologies/Basic Asset Pack Interior/Textures/SpotsGrey.jpg
  artifactKey: Guid(bcb9cca11e38f1a408090ebb7fe1d0ee) Importer(2089858483,192608db42251d675da83286b1cce702)
Start importing Assets/UnityTechnologies/Basic Asset Pack Interior/Textures/SpotsGrey.jpg using Guid(bcb9cca11e38f1a408090ebb7fe1d0ee) Importer(2089858483,192608db42251d675da83286b1cce702) (ScriptedImporter) -> (artifact id: '69e7f31733c5d7a6b49c6eeb49482db9') in 0.0191833 seconds
Number of updated asset objects reloaded before import = 0Number of asset objects unloaded after import = 1

========================================================================
Received Import Request.
  Time since last request: 0.000011 seconds.
  path: Assets/UnityTechnologies/Basic Asset Pack Interior/Prefabs/Floor/RugDoorMat.prefab
  artifactKey: Guid(00d62ec9ef1fe7a4b9a60fe6f8a43b44) Importer(2089858483,192608db42251d675da83286b1cce702)
Start importing Assets/UnityTechnologies/Basic Asset Pack Interior/Prefabs/Floor/RugDoorMat.prefab using Guid(00d62ec9ef1fe7a4b9a60fe6f8a43b44) Importer(2089858483,192608db42251d675da83286b1cce702) (ScriptedImporter) -> (artifact id: '8b3cad841143bdf76747d220ae5416e6') in 0.016927 seconds
Number of updated asset objects reloaded before import = 0Number of asset objects unloaded after import = 8

========================================================================
Received Import Request.
  Time since last request: 0.000012 seconds.
  path: Assets/ithappy/Furniture_FREE/Meshes/training_item_001.fbx
  artifactKey: Guid(229c147ca36ed9747a2bdb66dfe23a78) Importer(2089858483,192608db42251d675da83286b1cce702)
Start importing Assets/ithappy/Furniture_FREE/Meshes/training_item_001.fbx using Guid(229c147ca36ed9747a2bdb66dfe23a78) Importer(2089858483,192608db42251d675da83286b1cce702) (ScriptedImporter) -> (artifact id: 'a1f6f3a9250704fdf38b87384f3bba3b') in 0.0190561 seconds
Number of updated asset objects reloaded before import = 0Number of asset objects unloaded after import = 7

========================================================================
Received Import Request.
  Time since last request: 0.000019 seconds.
  path: Assets/ithappy/Furniture_FREE/Meshes/office_table_001.fbx
  artifactKey: Guid(e8bcc2af6da4ffa4ba221825387cee57) Importer(2089858483,192608db42251d675da83286b1cce702)
Start importing Assets/ithappy/Furniture_FREE/Meshes/office_table_001.fbx using Guid(e8bcc2af6da4ffa4ba221825387cee57) Importer(2089858483,192608db42251d675da83286b1cce702) (ScriptedImporter) -> (artifact id: '9a12156a8fa0d757d4a1fcaaabbacf12') in 0.0195793 seconds
Number of updated asset objects reloaded before import = 0Number of asset objects unloaded after import = 7

========================================================================
Received Import Request.
  Time since last request: 0.000012 seconds.
  path: Assets/UnityTechnologies/Basic Asset Pack Interior/Models/Walls/Wall3m.FBX
  artifactKey: Guid(63e6069ebe726454ab160677d1ad79ec) Importer(2089858483,192608db42251d675da83286b1cce702)
Start importing Assets/UnityTechnologies/Basic Asset Pack Interior/Models/Walls/Wall3m.FBX using Guid(63e6069ebe726454ab160677d1ad79ec) Importer(2089858483,192608db42251d675da83286b1cce702) (ScriptedImporter) -> (artifact id: '69595eb803d5fb9161140592a890adeb') in 0.0212531 seconds
Number of updated asset objects reloaded before import = 0Number of asset objects unloaded after import = 15

========================================================================
Received Import Request.
  Time since last request: 0.000016 seconds.
  path: Assets/UnityTechnologies/Basic Asset Pack Interior/Prefabs/Floor/Floor4m.prefab
  artifactKey: Guid(80e5bbfa6aa12b34ca98423c9e7a0f86) Importer(2089858483,192608db42251d675da83286b1cce702)
Start importing Assets/UnityTechnologies/Basic Asset Pack Interior/Prefabs/Floor/Floor4m.prefab using Guid(80e5bbfa6aa12b34ca98423c9e7a0f86) Importer(2089858483,192608db42251d675da83286b1cce702) (ScriptedImporter) -> (artifact id: '2370b610de66d0f6f08556eb409f2382') in 0.016215 seconds
Number of updated asset objects reloaded before import = 0Number of asset objects unloaded after import = 8

========================================================================
Received Import Request.
  Time since last request: 0.000021 seconds.
  path: Assets/UnityTechnologies/Basic Asset Pack Interior/Models/TableSquareMedium.FBX
  artifactKey: Guid(d3f160d95e8a45449a26475b358cb108) Importer(2089858483,192608db42251d675da83286b1cce702)
Start importing Assets/UnityTechnologies/Basic Asset Pack Interior/Models/TableSquareMedium.FBX using Guid(d3f160d95e8a45449a26475b358cb108) Importer(2089858483,192608db42251d675da83286b1cce702) (ScriptedImporter) -> (artifact id: '6e4ec0c744352e14f44711154a6ab0b0') in 0.0179473 seconds
Number of updated asset objects reloaded before import = 0Number of asset objects unloaded after import = 7

========================================================================
Received Import Request.
  Time since last request: 0.000013 seconds.
  path: Assets/ithappy/Furniture_FREE/Meshes/washing_machine_001.fbx
  artifactKey: Guid(b253decc65a576b4eb2f9744a89128ef) Importer(2089858483,192608db42251d675da83286b1cce702)
Start importing Assets/ithappy/Furniture_FREE/Meshes/washing_machine_001.fbx using Guid(b253decc65a576b4eb2f9744a89128ef) Importer(2089858483,192608db42251d675da83286b1cce702) (ScriptedImporter) -> (artifact id: 'e3b584ee3ef7341c1e7f973776b78a0b') in 0.0177039 seconds
Number of updated asset objects reloaded before import = 0Number of asset objects unloaded after import = 7

========================================================================
Received Import Request.
  Time since last request: 0.000014 seconds.
  path: Assets/UnityTechnologies/Basic Asset Pack Interior/Materials/WallPurple.mat
  artifactKey: Guid(991a2f3f1e99b1649b5c043cf6efe0d0) Importer(2089858483,192608db42251d675da83286b1cce702)
Start importing Assets/UnityTechnologies/Basic Asset Pack Interior/Materials/WallPurple.mat using Guid(991a2f3f1e99b1649b5c043cf6efe0d0) Importer(2089858483,192608db42251d675da83286b1cce702) (ScriptedImporter) -> (artifact id: '0bc6db0a42fd9e2d816fbad642c8eb16') in 0.0163878 seconds
Number of updated asset objects reloaded before import = 0Number of asset objects unloaded after import = 2

Editor requested this worker to shutdown with reason: Scaling down because of idle timeout
AssetImportWorker is now disconnected from the server
Process exiting
Exiting without the bug reporter. Application will terminate with return code 0