Using pre-set license
Built from '6000.0/staging' branch; Version is '6000.0.33f1 (433b0a79340b) revision 4406026'; Using compiler version '193933523'; Build Type 'Release'
OS: 'Windows 11  (10.0.22631) 64bit Professional' Language: 'ru' Physical Memory: 16008 MB
BatchMode: 1, IsHumanControllingUs: 0, StartBugReporterOnCrash: 0, Is64bit: 1, IsPro: 1

COMMAND LINE ARGUMENTS:
C:\Program Files\Unity\Hub\Editor\6000.0.33f1\Editor\Unity.exe
-adb2
-batchMode
-noUpm
-name
AssetImportWorker3
-projectPath
C:/Users/fatli/LetsBuildFlat
-logFile
Logs/AssetImportWorker3.log
-srvPort
59130
-job-worker-count
7
-background-job-worker-count
8
-gc-helper-count
1
Successfully changed project path to: C:/Users/fatli/LetsBuildFlat
C:/Users/fatli/LetsBuildFlat
[UnityMemory] Configuration Parameters - Can be set up in boot.config
    "memorysetup-bucket-allocator-granularity=16"
    "memorysetup-bucket-allocator-bucket-count=8"
    "memorysetup-bucket-allocator-block-size=33554432"
    "memorysetup-bucket-allocator-block-count=8"
    "memorysetup-main-allocator-block-size=16777216"
    "memorysetup-thread-allocator-block-size=16777216"
    "memorysetup-gfx-main-allocator-block-size=16777216"
    "memorysetup-gfx-thread-allocator-block-size=16777216"
    "memorysetup-cache-allocator-block-size=4194304"
    "memorysetup-typetree-allocator-block-size=2097152"
    "memorysetup-profiler-bucket-allocator-granularity=16"
    "memorysetup-profiler-bucket-allocator-bucket-count=8"
    "memorysetup-profiler-bucket-allocator-block-size=33554432"
    "memorysetup-profiler-bucket-allocator-block-count=8"
    "memorysetup-profiler-allocator-block-size=16777216"
    "memorysetup-profiler-editor-allocator-block-size=1048576"
    "memorysetup-temp-allocator-size-main=16777216"
    "memorysetup-job-temp-allocator-block-size=2097152"
    "memorysetup-job-temp-allocator-block-size-background=1048576"
    "memorysetup-job-temp-allocator-reduction-small-platforms=262144"
    "memorysetup-allocator-temp-initial-block-size-main=262144"
    "memorysetup-allocator-temp-initial-block-size-worker=262144"
    "memorysetup-temp-allocator-size-background-worker=32768"
    "memorysetup-temp-allocator-size-job-worker=262144"
    "memorysetup-temp-allocator-size-preload-manager=33554432"
    "memorysetup-temp-allocator-size-nav-mesh-worker=65536"
    "memorysetup-temp-allocator-size-audio-worker=65536"
    "memorysetup-temp-allocator-size-cloud-worker=32768"
    "memorysetup-temp-allocator-size-gi-baking-worker=262144"
    "memorysetup-temp-allocator-size-gi-baking-worker=262144"
    "memorysetup-temp-allocator-size-gi-baking-worker=262144"
    "memorysetup-temp-allocator-size-gi-baking-worker=262144"
    "memorysetup-temp-allocator-size-gi-baking-worker=262144"
    "memorysetup-temp-allocator-size-gfx=262144"
Player connection [10888]  Target information:

Player connection [10888]  * "[IP] 192.168.56.1 [Port] 0 [Flags] 2 [Guid] 1085176296 [EditorId] 1085176296 [Version] 1048832 [Id] WindowsEditor(7,UMK) [Debug] 1 [PackageName] WindowsEditor [ProjectName] Editor" 

Player connection [10888]  * "[IP] 192.168.0.106 [Port] 0 [Flags] 2 [Guid] 1085176296 [EditorId] 1085176296 [Version] 1048832 [Id] WindowsEditor(7,UMK) [Debug] 1 [PackageName] WindowsEditor [ProjectName] Editor" 

Player connection [10888] Host joined multi-casting on [225.0.0.222:54997]...
Player connection [10888] Host joined alternative multi-casting on [225.0.0.222:34997]...
JobSystem: Creating JobQueue using job-worker-count value 7
[Physics::Module] Initialized fallback backend.
[Physics::Module] Id: 0xdecafbad
Library Redirect Path: Library/
[Physics::Module] Selected backend.
[Physics::Module] Name: PhysX
[Physics::Module] Id: 0xf2b8ea05
[Physics::Module] SDK Version: 4.1.2
[Physics::Module] Integration Version: 1.0.0
[Physics::Module] Threading Mode: Multi-Threaded
Refreshing native plugins compatible for Editor in 1.09 ms, found 3 plugins.
Preloading 0 native plugins for Editor in 0.00 ms.
Initialize engine version: 6000.0.33f1 (433b0a79340b)
[Subsystems] Discovering subsystems at path C:/Program Files/Unity/Hub/Editor/6000.0.33f1/Editor/Data/Resources/UnitySubsystems
[Subsystems] Discovering subsystems at path C:/Users/fatli/LetsBuildFlat/Assets
GfxDevice: creating device client; kGfxThreadingModeNonThreaded
Direct3D:
    Version:  Direct3D 11.0 [level 11.1]
    Renderer: NVIDIA GeForce RTX 4050 Laptop GPU (ID=0x28e1)
    Vendor:   NVIDIA
    VRAM:     5921 MB
    Driver:   32.0.15.6614
Initialize mono
Mono path[0] = 'C:/Program Files/Unity/Hub/Editor/6000.0.33f1/Editor/Data/Managed'
Mono path[1] = 'C:/Program Files/Unity/Hub/Editor/6000.0.33f1/Editor/Data/MonoBleedingEdge/lib/mono/unityjit-win32'
Mono config path = 'C:/Program Files/Unity/Hub/Editor/6000.0.33f1/Editor/Data/MonoBleedingEdge/etc'
Using monoOptions --debugger-agent=transport=dt_socket,embedding=1,server=y,suspend=n,address=127.0.0.1:56336
Begin MonoManager ReloadAssembly
Registering precompiled unity dll's ...
Register platform support module: C:/Program Files/Unity/Hub/Editor/6000.0.33f1/Editor/Data/PlaybackEngines/WindowsStandaloneSupport/UnityEditor.WindowsStandalone.Extensions.dll
Register platform support module: C:/Program Files/Unity/Hub/Editor/6000.0.33f1/Editor/Data/PlaybackEngines/AndroidPlayer/UnityEditor.Android.Extensions.dll
Registered in 0.001873 seconds.
- Loaded All Assemblies, in  0.281 seconds
Native extension for Android target not found
Android Extension - Scanning For ADB Devices 176 ms
Native extension for WindowsStandalone target not found
Mono: successfully reloaded assembly
- Finished resetting the current domain, in  0.446 seconds
Domain Reload Profiling: 726ms
	BeginReloadAssembly (102ms)
		ExecutionOrderSort (0ms)
		DisableScriptedObjects (0ms)
		BackupInstance (0ms)
		ReleaseScriptingObjects (0ms)
		CreateAndSetChildDomain (1ms)
	RebuildCommonClasses (25ms)
	RebuildNativeTypeToScriptingClass (8ms)
	initialDomainReloadingComplete (31ms)
	LoadAllAssembliesAndSetupDomain (114ms)
		LoadAssemblies (101ms)
		RebuildTransferFunctionScriptingTraits (0ms)
		AnalyzeDomain (111ms)
			TypeCache.Refresh (110ms)
				TypeCache.ScanAssembly (100ms)
			BuildScriptInfoCaches (0ms)
			ResolveRequiredComponents (0ms)
	FinalizeReload (446ms)
		ReleaseScriptCaches (0ms)
		RebuildScriptCaches (0ms)
		SetupLoadedEditorAssemblies (412ms)
			LogAssemblyErrors (0ms)
			InitializePlatformSupportModulesInManaged (233ms)
			SetLoadedEditorAssemblies (3ms)
			BeforeProcessingInitializeOnLoad (33ms)
			ProcessInitializeOnLoadAttributes (92ms)
			ProcessInitializeOnLoadMethodAttributes (50ms)
			AfterProcessingInitializeOnLoad (0ms)
			EditorAssembliesLoaded (0ms)
		ExecutionOrderSort2 (0ms)
		AwakeInstancesAfterBackupRestoration (0ms)
========================================================================
Worker process is ready to serve import requests
Import Worker Mode flag is 0x00
Begin MonoManager ReloadAssembly
- Loaded All Assemblies, in  0.629 seconds
Refreshing native plugins compatible for Editor in 0.52 ms, found 3 plugins.
Native extension for Android target not found
Native extension for WindowsStandalone target not found
Mono: successfully reloaded assembly
- Finished resetting the current domain, in  0.604 seconds
Domain Reload Profiling: 1231ms
	BeginReloadAssembly (141ms)
		ExecutionOrderSort (0ms)
		DisableScriptedObjects (5ms)
		BackupInstance (0ms)
		ReleaseScriptingObjects (0ms)
		CreateAndSetChildDomain (24ms)
	RebuildCommonClasses (32ms)
	RebuildNativeTypeToScriptingClass (9ms)
	initialDomainReloadingComplete (32ms)
	LoadAllAssembliesAndSetupDomain (412ms)
		LoadAssemblies (276ms)
		RebuildTransferFunctionScriptingTraits (0ms)
		AnalyzeDomain (221ms)
			TypeCache.Refresh (161ms)
				TypeCache.ScanAssembly (146ms)
			BuildScriptInfoCaches (48ms)
			ResolveRequiredComponents (9ms)
	FinalizeReload (604ms)
		ReleaseScriptCaches (0ms)
		RebuildScriptCaches (0ms)
		SetupLoadedEditorAssemblies (474ms)
			LogAssemblyErrors (0ms)
			InitializePlatformSupportModulesInManaged (10ms)
			SetLoadedEditorAssemblies (4ms)
			BeforeProcessingInitializeOnLoad (79ms)
			ProcessInitializeOnLoadAttributes (298ms)
			ProcessInitializeOnLoadMethodAttributes (79ms)
			AfterProcessingInitializeOnLoad (3ms)
			EditorAssembliesLoaded (0ms)
		ExecutionOrderSort2 (0ms)
		AwakeInstancesAfterBackupRestoration (5ms)
Launched and connected shader compiler UnityShaderCompiler.exe after 0.01 seconds
Refreshing native plugins compatible for Editor in 0.56 ms, found 3 plugins.
Preloading 0 native plugins for Editor in 0.00 ms.
Unloading 198 Unused Serialized files (Serialized files now loaded: 0)
Unloading 5958 unused Assets / (7.0 MB). Loaded Objects now: 6596.
Memory consumption went from 155.9 MB to 149.0 MB.
Total: 6.775600 ms (FindLiveObjects: 0.377900 ms CreateObjectMapping: 0.249300 ms MarkObjects: 3.125700 ms  DeleteObjects: 3.021300 ms)

========================================================================
Received Import Request.
  Time since last request: 1238579.665654 seconds.
  path: Assets/ithappy/Furniture_FREE/Prefabs/bathroom_item_001.prefab
  artifactKey: Guid(ebcde7b85f0afbb42983365ec2774818) Importer(815301076,1909f56bfc062723c751e8b465ee728b)
Start importing Assets/ithappy/Furniture_FREE/Prefabs/bathroom_item_001.prefab using Guid(ebcde7b85f0afbb42983365ec2774818) Importer(815301076,1909f56bfc062723c751e8b465ee728b) (PreviewImporter) -> (artifact id: '4e7a7d47d473c6b6efda24365da1d27d') in 0.4417521 seconds
Number of updated asset objects reloaded before import = 0Number of asset objects unloaded after import = 20

========================================================================
Received Import Request.
  Time since last request: 0.000024 seconds.
  path: Assets/ithappy/Furniture_FREE/Prefabs/clothes_002.prefab
  artifactKey: Guid(c935566373de4944689c3ab2d7f16480) Importer(815301076,1909f56bfc062723c751e8b465ee728b)
Start importing Assets/ithappy/Furniture_FREE/Prefabs/clothes_002.prefab using Guid(c935566373de4944689c3ab2d7f16480) Importer(815301076,1909f56bfc062723c751e8b465ee728b) (PreviewImporter) -> (artifact id: '111eca33f8dd463b03aee02e7870642d') in 0.0177434 seconds
Number of updated asset objects reloaded before import = 0Number of asset objects unloaded after import = 17

========================================================================
Received Import Request.
  Time since last request: 0.000025 seconds.
  path: Assets/ithappy/Furniture_FREE/Prefabs/office_table_001.prefab
  artifactKey: Guid(70f2476d20751ab40955cefa08b6f978) Importer(815301076,1909f56bfc062723c751e8b465ee728b)
Start importing Assets/ithappy/Furniture_FREE/Prefabs/office_table_001.prefab using Guid(70f2476d20751ab40955cefa08b6f978) Importer(815301076,1909f56bfc062723c751e8b465ee728b) (PreviewImporter) -> (artifact id: 'd6376d98eb6585831c8c04b001fd4060') in 0.0170936 seconds
Number of updated asset objects reloaded before import = 0Number of asset objects unloaded after import = 17

========================================================================
Received Import Request.
  Time since last request: 0.000017 seconds.
  path: Assets/ithappy/Furniture_FREE/Prefabs/drink_001.prefab
  artifactKey: Guid(aaf11a042e9932a40bb90b9b171a128e) Importer(815301076,1909f56bfc062723c751e8b465ee728b)
Start importing Assets/ithappy/Furniture_FREE/Prefabs/drink_001.prefab using Guid(aaf11a042e9932a40bb90b9b171a128e) Importer(815301076,1909f56bfc062723c751e8b465ee728b) (PreviewImporter) -> (artifact id: '09b581cc75a84b66b905f953667779c1') in 0.0073427 seconds
Number of updated asset objects reloaded before import = 0Number of asset objects unloaded after import = 17

========================================================================
Received Import Request.
  Time since last request: 0.000018 seconds.
  path: Assets/ithappy/Furniture_FREE/Prefabs/kitchen_sink_001.prefab
  artifactKey: Guid(9f5e01d181b4aca42913e46cd6c8023d) Importer(815301076,1909f56bfc062723c751e8b465ee728b)
Start importing Assets/ithappy/Furniture_FREE/Prefabs/kitchen_sink_001.prefab using Guid(9f5e01d181b4aca42913e46cd6c8023d) Importer(815301076,1909f56bfc062723c751e8b465ee728b) (PreviewImporter) -> (artifact id: '0b71d4bf5294449bd1531439aa7eb738') in 0.0179124 seconds
Number of updated asset objects reloaded before import = 0Number of asset objects unloaded after import = 17

========================================================================
Received Import Request.
  Time since last request: 0.000018 seconds.
  path: Assets/ithappy/Furniture_FREE/Prefabs/fridge_001.prefab
  artifactKey: Guid(a457d02d5bf10c9459386d5931ca3a94) Importer(815301076,1909f56bfc062723c751e8b465ee728b)
Start importing Assets/ithappy/Furniture_FREE/Prefabs/fridge_001.prefab using Guid(a457d02d5bf10c9459386d5931ca3a94) Importer(815301076,1909f56bfc062723c751e8b465ee728b) (PreviewImporter) -> (artifact id: '4eebea8002838aa74e6d830d83eac721') in 0.016369 seconds
Number of updated asset objects reloaded before import = 0Number of asset objects unloaded after import = 17

========================================================================
Received Import Request.
  Time since last request: 0.000020 seconds.
  path: Assets/ithappy/Furniture_FREE/Prefabs/clothes_001.prefab
  artifactKey: Guid(de5541a6f611e194dad2bc6ba668ed75) Importer(815301076,1909f56bfc062723c751e8b465ee728b)
Start importing Assets/ithappy/Furniture_FREE/Prefabs/clothes_001.prefab using Guid(de5541a6f611e194dad2bc6ba668ed75) Importer(815301076,1909f56bfc062723c751e8b465ee728b) (PreviewImporter) -> (artifact id: '87de3397ad417ff4de1e3f0db37cba85') in 0.0171467 seconds
Number of updated asset objects reloaded before import = 0Number of asset objects unloaded after import = 17

========================================================================
Received Import Request.
  Time since last request: 0.000021 seconds.
  path: Assets/ithappy/Furniture_FREE/Prefabs/ketchup_001.prefab
  artifactKey: Guid(5895ab0d93729844eb987d6034e2908c) Importer(815301076,1909f56bfc062723c751e8b465ee728b)
Start importing Assets/ithappy/Furniture_FREE/Prefabs/ketchup_001.prefab using Guid(5895ab0d93729844eb987d6034e2908c) Importer(815301076,1909f56bfc062723c751e8b465ee728b) (PreviewImporter) -> (artifact id: 'bd93072ad6522527733846da5674978a') in 0.0169783 seconds
Number of updated asset objects reloaded before import = 0Number of asset objects unloaded after import = 17

========================================================================
Received Import Request.
  Time since last request: 0.000023 seconds.
  path: Assets/ithappy/Furniture_FREE/Prefabs/closet_001.prefab
  artifactKey: Guid(f55d7df03694fd244a9b29dcc29c2175) Importer(815301076,1909f56bfc062723c751e8b465ee728b)
Start importing Assets/ithappy/Furniture_FREE/Prefabs/closet_001.prefab using Guid(f55d7df03694fd244a9b29dcc29c2175) Importer(815301076,1909f56bfc062723c751e8b465ee728b) (PreviewImporter) -> (artifact id: '0fbdada18528f641ac8093623d3af616') in 0.0251481 seconds
Number of updated asset objects reloaded before import = 0Number of asset objects unloaded after import = 17

========================================================================
Received Import Request.
  Time since last request: 0.000020 seconds.
  path: Assets/ithappy/Furniture_FREE/Prefabs/dumbbell_002.prefab
  artifactKey: Guid(1279e726d2b09334ca77abe228aa5a47) Importer(815301076,1909f56bfc062723c751e8b465ee728b)
Start importing Assets/ithappy/Furniture_FREE/Prefabs/dumbbell_002.prefab using Guid(1279e726d2b09334ca77abe228aa5a47) Importer(815301076,1909f56bfc062723c751e8b465ee728b) (PreviewImporter) -> (artifact id: '4b0560f9a98639ca3bcc7d8e11a49b8d') in 0.014107 seconds
Number of updated asset objects reloaded before import = 0Number of asset objects unloaded after import = 17

========================================================================
Received Import Request.
  Time since last request: 0.000024 seconds.
  path: Assets/ithappy/Furniture_FREE/Prefabs/microwave_oven_001.prefab
  artifactKey: Guid(9212441ed0520ab47817284a41f94845) Importer(815301076,1909f56bfc062723c751e8b465ee728b)
Start importing Assets/ithappy/Furniture_FREE/Prefabs/microwave_oven_001.prefab using Guid(9212441ed0520ab47817284a41f94845) Importer(815301076,1909f56bfc062723c751e8b465ee728b) (PreviewImporter) -> (artifact id: '91599750254f6676e5314530bedc9720') in 0.0176213 seconds
Number of updated asset objects reloaded before import = 0Number of asset objects unloaded after import = 17

========================================================================
Received Import Request.
  Time since last request: 0.000018 seconds.
  path: Assets/ithappy/Furniture_FREE/Prefabs/kitchen_table_001.prefab
  artifactKey: Guid(7ffe462c97c4b684991a6f9472318357) Importer(815301076,1909f56bfc062723c751e8b465ee728b)
Start importing Assets/ithappy/Furniture_FREE/Prefabs/kitchen_table_001.prefab using Guid(7ffe462c97c4b684991a6f9472318357) Importer(815301076,1909f56bfc062723c751e8b465ee728b) (PreviewImporter) -> (artifact id: '71aa083026b82fbd0eaeee352ceb4ddc') in 0.0262969 seconds
Number of updated asset objects reloaded before import = 0Number of asset objects unloaded after import = 17

========================================================================
Received Import Request.
  Time since last request: 0.000022 seconds.
  path: Assets/ithappy/Furniture_FREE/Prefabs/dish_002.prefab
  artifactKey: Guid(4dd304aacd53d3c4589956b0fca9a8df) Importer(815301076,1909f56bfc062723c751e8b465ee728b)
Start importing Assets/ithappy/Furniture_FREE/Prefabs/dish_002.prefab using Guid(4dd304aacd53d3c4589956b0fca9a8df) Importer(815301076,1909f56bfc062723c751e8b465ee728b) (PreviewImporter) -> (artifact id: '19cf8c871b50fb4330806f91f8723912') in 0.0158576 seconds
Number of updated asset objects reloaded before import = 0Number of asset objects unloaded after import = 17

========================================================================
Received Import Request.
  Time since last request: 0.000021 seconds.
  path: Assets/ithappy/Furniture_FREE/Prefabs/training_item_001.prefab
  artifactKey: Guid(ab145dca38e163c4f83421188439db38) Importer(815301076,1909f56bfc062723c751e8b465ee728b)
Start importing Assets/ithappy/Furniture_FREE/Prefabs/training_item_001.prefab using Guid(ab145dca38e163c4f83421188439db38) Importer(815301076,1909f56bfc062723c751e8b465ee728b) (PreviewImporter) -> (artifact id: 'eb8d79302e2ece7c62e9d372bfc844fc') in 0.0168351 seconds
Number of updated asset objects reloaded before import = 0Number of asset objects unloaded after import = 17

========================================================================
Received Import Request.
  Time since last request: 0.000020 seconds.
  path: Assets/ithappy/Furniture_FREE/Prefabs/tv_wall_001.prefab
  artifactKey: Guid(c97a7e3361d4a884ea66a7f03258cdc8) Importer(815301076,1909f56bfc062723c751e8b465ee728b)
Start importing Assets/ithappy/Furniture_FREE/Prefabs/tv_wall_001.prefab using Guid(c97a7e3361d4a884ea66a7f03258cdc8) Importer(815301076,1909f56bfc062723c751e8b465ee728b) (PreviewImporter) -> (artifact id: 'c332c55d77311e917b173be9c88cd63e') in 0.0223978 seconds
Number of updated asset objects reloaded before import = 0Number of asset objects unloaded after import = 17

========================================================================
Received Import Request.
  Time since last request: 0.000020 seconds.
  path: Assets/ithappy/Furniture_FREE/Prefabs/bed_001.prefab
  artifactKey: Guid(82f624b1964c7ba4fb21eae95f185a9c) Importer(815301076,1909f56bfc062723c751e8b465ee728b)
Start importing Assets/ithappy/Furniture_FREE/Prefabs/bed_001.prefab using Guid(82f624b1964c7ba4fb21eae95f185a9c) Importer(815301076,1909f56bfc062723c751e8b465ee728b) (PreviewImporter) -> (artifact id: '25d6704d116ed8a87d2eab0e69e9adcd') in 0.0176483 seconds
Number of updated asset objects reloaded before import = 0Number of asset objects unloaded after import = 17

========================================================================
Received Import Request.
  Time since last request: 0.000020 seconds.
  path: Assets/ithappy/Furniture_FREE/Prefabs/drink_002.prefab
  artifactKey: Guid(1909352e3a186894fbd045ac8fe132b8) Importer(815301076,1909f56bfc062723c751e8b465ee728b)
Start importing Assets/ithappy/Furniture_FREE/Prefabs/drink_002.prefab using Guid(1909352e3a186894fbd045ac8fe132b8) Importer(815301076,1909f56bfc062723c751e8b465ee728b) (PreviewImporter) -> (artifact id: '39cc7d9e76d570df0f3790083c70e044') in 0.01741 seconds
Number of updated asset objects reloaded before import = 0Number of asset objects unloaded after import = 17

========================================================================
Received Import Request.
  Time since last request: 0.000025 seconds.
  path: Assets/ithappy/Furniture_FREE/Prefabs/closet_002.prefab
  artifactKey: Guid(fb10bf7391b6c704ea27ed75d5eee5df) Importer(815301076,1909f56bfc062723c751e8b465ee728b)
Start importing Assets/ithappy/Furniture_FREE/Prefabs/closet_002.prefab using Guid(fb10bf7391b6c704ea27ed75d5eee5df) Importer(815301076,1909f56bfc062723c751e8b465ee728b) (PreviewImporter) -> (artifact id: '58187328201e022d3cc6ce7387d1a622') in 0.0168272 seconds
Number of updated asset objects reloaded before import = 0Number of asset objects unloaded after import = 17

========================================================================
Received Import Request.
  Time since last request: 0.000018 seconds.
  path: Assets/ithappy/Furniture_FREE/Prefabs/coffee_table_001.prefab
  artifactKey: Guid(9f9cd54077faf65438d05b189cdde7f5) Importer(815301076,1909f56bfc062723c751e8b465ee728b)
Start importing Assets/ithappy/Furniture_FREE/Prefabs/coffee_table_001.prefab using Guid(9f9cd54077faf65438d05b189cdde7f5) Importer(815301076,1909f56bfc062723c751e8b465ee728b) (PreviewImporter) -> (artifact id: '241d749eee6495501dd21f98964dea6b') in 0.0152577 seconds
Number of updated asset objects reloaded before import = 0Number of asset objects unloaded after import = 17

Editor requested this worker to shutdown with reason: Scaling down because of idle timeout
AssetImportWorker is now disconnected from the server
Process exiting
Exiting without the bug reporter. Application will terminate with return code 0