Using pre-set license
Built from '6000.0/staging' branch; Version is '6000.0.33f1 (433b0a79340b) revision 4406026'; Using compiler version '193933523'; Build Type 'Release'
OS: 'Windows 11  (10.0.22631) 64bit Professional' Language: 'ru' Physical Memory: 16008 MB
BatchMode: 1, IsHumanControllingUs: 0, StartBugReporterOnCrash: 0, Is64bit: 1, IsPro: 1

COMMAND LINE ARGUMENTS:
C:\Program Files\Unity\Hub\Editor\6000.0.33f1\Editor\Unity.exe
-adb2
-batchMode
-noUpm
-name
AssetImportWorker4
-projectPath
C:/Users/fatli/LetsBuildFlat
-logFile
Logs/AssetImportWorker4.log
-srvPort
59130
-job-worker-count
7
-background-job-worker-count
8
-gc-helper-count
1
Successfully changed project path to: C:/Users/fatli/LetsBuildFlat
C:/Users/fatli/LetsBuildFlat
[UnityMemory] Configuration Parameters - Can be set up in boot.config
    "memorysetup-bucket-allocator-granularity=16"
    "memorysetup-bucket-allocator-bucket-count=8"
    "memorysetup-bucket-allocator-block-size=33554432"
    "memorysetup-bucket-allocator-block-count=8"
    "memorysetup-main-allocator-block-size=16777216"
    "memorysetup-thread-allocator-block-size=16777216"
    "memorysetup-gfx-main-allocator-block-size=16777216"
    "memorysetup-gfx-thread-allocator-block-size=16777216"
    "memorysetup-cache-allocator-block-size=4194304"
    "memorysetup-typetree-allocator-block-size=2097152"
    "memorysetup-profiler-bucket-allocator-granularity=16"
    "memorysetup-profiler-bucket-allocator-bucket-count=8"
    "memorysetup-profiler-bucket-allocator-block-size=33554432"
    "memorysetup-profiler-bucket-allocator-block-count=8"
    "memorysetup-profiler-allocator-block-size=16777216"
    "memorysetup-profiler-editor-allocator-block-size=1048576"
    "memorysetup-temp-allocator-size-main=16777216"
    "memorysetup-job-temp-allocator-block-size=2097152"
    "memorysetup-job-temp-allocator-block-size-background=1048576"
    "memorysetup-job-temp-allocator-reduction-small-platforms=262144"
    "memorysetup-allocator-temp-initial-block-size-main=262144"
    "memorysetup-allocator-temp-initial-block-size-worker=262144"
    "memorysetup-temp-allocator-size-background-worker=32768"
    "memorysetup-temp-allocator-size-job-worker=262144"
    "memorysetup-temp-allocator-size-preload-manager=33554432"
    "memorysetup-temp-allocator-size-nav-mesh-worker=65536"
    "memorysetup-temp-allocator-size-audio-worker=65536"
    "memorysetup-temp-allocator-size-cloud-worker=32768"
    "memorysetup-temp-allocator-size-gi-baking-worker=262144"
    "memorysetup-temp-allocator-size-gi-baking-worker=262144"
    "memorysetup-temp-allocator-size-gi-baking-worker=262144"
    "memorysetup-temp-allocator-size-gi-baking-worker=262144"
    "memorysetup-temp-allocator-size-gi-baking-worker=262144"
    "memorysetup-temp-allocator-size-gfx=262144"
Player connection [5744]  Target information:

Player connection [5744]  * "[IP] 192.168.56.1 [Port] 0 [Flags] 2 [Guid] 843680625 [EditorId] 843680625 [Version] 1048832 [Id] WindowsEditor(7,UMK) [Debug] 1 [PackageName] WindowsEditor [ProjectName] Editor" 

Player connection [5744]  * "[IP] 192.168.0.106 [Port] 0 [Flags] 2 [Guid] 843680625 [EditorId] 843680625 [Version] 1048832 [Id] WindowsEditor(7,UMK) [Debug] 1 [PackageName] WindowsEditor [ProjectName] Editor" 

Player connection [5744] Host joined multi-casting on [225.0.0.222:54997]...
Player connection [5744] Host joined alternative multi-casting on [225.0.0.222:34997]...
JobSystem: Creating JobQueue using job-worker-count value 7
[Physics::Module] Initialized fallback backend.
[Physics::Module] Id: 0xdecafbad
Library Redirect Path: Library/
[Physics::Module] Selected backend.
[Physics::Module] Name: PhysX
[Physics::Module] Id: 0xf2b8ea05
[Physics::Module] SDK Version: 4.1.2
[Physics::Module] Integration Version: 1.0.0
[Physics::Module] Threading Mode: Multi-Threaded
Refreshing native plugins compatible for Editor in 1.28 ms, found 3 plugins.
Preloading 0 native plugins for Editor in 0.00 ms.
Initialize engine version: 6000.0.33f1 (433b0a79340b)
[Subsystems] Discovering subsystems at path C:/Program Files/Unity/Hub/Editor/6000.0.33f1/Editor/Data/Resources/UnitySubsystems
[Subsystems] Discovering subsystems at path C:/Users/fatli/LetsBuildFlat/Assets
GfxDevice: creating device client; kGfxThreadingModeNonThreaded
Direct3D:
    Version:  Direct3D 11.0 [level 11.1]
    Renderer: NVIDIA GeForce RTX 4050 Laptop GPU (ID=0x28e1)
    Vendor:   NVIDIA
    VRAM:     5921 MB
    Driver:   32.0.15.6614
Initialize mono
Mono path[0] = 'C:/Program Files/Unity/Hub/Editor/6000.0.33f1/Editor/Data/Managed'
Mono path[1] = 'C:/Program Files/Unity/Hub/Editor/6000.0.33f1/Editor/Data/MonoBleedingEdge/lib/mono/unityjit-win32'
Mono config path = 'C:/Program Files/Unity/Hub/Editor/6000.0.33f1/Editor/Data/MonoBleedingEdge/etc'
Using monoOptions --debugger-agent=transport=dt_socket,embedding=1,server=y,suspend=n,address=127.0.0.1:56880
Begin MonoManager ReloadAssembly
Registering precompiled unity dll's ...
Register platform support module: C:/Program Files/Unity/Hub/Editor/6000.0.33f1/Editor/Data/PlaybackEngines/WindowsStandaloneSupport/UnityEditor.WindowsStandalone.Extensions.dll
Register platform support module: C:/Program Files/Unity/Hub/Editor/6000.0.33f1/Editor/Data/PlaybackEngines/AndroidPlayer/UnityEditor.Android.Extensions.dll
Registered in 0.001939 seconds.
- Loaded All Assemblies, in  0.322 seconds
Native extension for Android target not found
Android Extension - Scanning For ADB Devices 189 ms
Native extension for WindowsStandalone target not found
Mono: successfully reloaded assembly
- Finished resetting the current domain, in  0.462 seconds
Domain Reload Profiling: 782ms
	BeginReloadAssembly (107ms)
		ExecutionOrderSort (0ms)
		DisableScriptedObjects (0ms)
		BackupInstance (0ms)
		ReleaseScriptingObjects (0ms)
		CreateAndSetChildDomain (1ms)
	RebuildCommonClasses (27ms)
	RebuildNativeTypeToScriptingClass (10ms)
	initialDomainReloadingComplete (39ms)
	LoadAllAssembliesAndSetupDomain (138ms)
		LoadAssemblies (105ms)
		RebuildTransferFunctionScriptingTraits (0ms)
		AnalyzeDomain (135ms)
			TypeCache.Refresh (134ms)
				TypeCache.ScanAssembly (124ms)
			BuildScriptInfoCaches (0ms)
			ResolveRequiredComponents (0ms)
	FinalizeReload (462ms)
		ReleaseScriptCaches (0ms)
		RebuildScriptCaches (0ms)
		SetupLoadedEditorAssemblies (425ms)
			LogAssemblyErrors (0ms)
			InitializePlatformSupportModulesInManaged (257ms)
			SetLoadedEditorAssemblies (3ms)
			BeforeProcessingInitializeOnLoad (42ms)
			ProcessInitializeOnLoadAttributes (85ms)
			ProcessInitializeOnLoadMethodAttributes (39ms)
			AfterProcessingInitializeOnLoad (0ms)
			EditorAssembliesLoaded (0ms)
		ExecutionOrderSort2 (0ms)
		AwakeInstancesAfterBackupRestoration (0ms)
========================================================================
Worker process is ready to serve import requests
Import Worker Mode flag is 0x00
Begin MonoManager ReloadAssembly
- Loaded All Assemblies, in  0.513 seconds
Refreshing native plugins compatible for Editor in 0.44 ms, found 3 plugins.
Native extension for Android target not found
Native extension for WindowsStandalone target not found
Mono: successfully reloaded assembly
- Finished resetting the current domain, in  0.500 seconds
Domain Reload Profiling: 1012ms
	BeginReloadAssembly (115ms)
		ExecutionOrderSort (0ms)
		DisableScriptedObjects (4ms)
		BackupInstance (0ms)
		ReleaseScriptingObjects (0ms)
		CreateAndSetChildDomain (21ms)
	RebuildCommonClasses (25ms)
	RebuildNativeTypeToScriptingClass (9ms)
	initialDomainReloadingComplete (24ms)
	LoadAllAssembliesAndSetupDomain (339ms)
		LoadAssemblies (223ms)
		RebuildTransferFunctionScriptingTraits (0ms)
		AnalyzeDomain (183ms)
			TypeCache.Refresh (126ms)
				TypeCache.ScanAssembly (114ms)
			BuildScriptInfoCaches (47ms)
			ResolveRequiredComponents (8ms)
	FinalizeReload (501ms)
		ReleaseScriptCaches (0ms)
		RebuildScriptCaches (0ms)
		SetupLoadedEditorAssemblies (384ms)
			LogAssemblyErrors (0ms)
			InitializePlatformSupportModulesInManaged (8ms)
			SetLoadedEditorAssemblies (4ms)
			BeforeProcessingInitializeOnLoad (67ms)
			ProcessInitializeOnLoadAttributes (243ms)
			ProcessInitializeOnLoadMethodAttributes (60ms)
			AfterProcessingInitializeOnLoad (2ms)
			EditorAssembliesLoaded (0ms)
		ExecutionOrderSort2 (0ms)
		AwakeInstancesAfterBackupRestoration (4ms)
Launched and connected shader compiler UnityShaderCompiler.exe after 0.01 seconds
Refreshing native plugins compatible for Editor in 0.58 ms, found 3 plugins.
Preloading 0 native plugins for Editor in 0.00 ms.
Unloading 198 Unused Serialized files (Serialized files now loaded: 0)
Unloading 5958 unused Assets / (6.4 MB). Loaded Objects now: 6596.
Memory consumption went from 156.0 MB to 149.6 MB.
Total: 5.532700 ms (FindLiveObjects: 0.392700 ms CreateObjectMapping: 0.269500 ms MarkObjects: 2.935700 ms  DeleteObjects: 1.934400 ms)

========================================================================
Received Import Request.
  Time since last request: 1238864.326883 seconds.
  path: Assets/UnityTechnologies/Basic Asset Pack Interior/Prefabs/Props
  artifactKey: Guid(2361e409e66f7ee48aebfdbd0533f924) Importer(815301076,1909f56bfc062723c751e8b465ee728b)
Start importing Assets/UnityTechnologies/Basic Asset Pack Interior/Prefabs/Props using Guid(2361e409e66f7ee48aebfdbd0533f924) Importer(815301076,1909f56bfc062723c751e8b465ee728b) (PreviewImporter) -> (artifact id: 'd88523c6d2d0f4f5b4cc237236f13640') in 0.0037802 seconds
Number of updated asset objects reloaded before import = 0Number of asset objects unloaded after import = 0

========================================================================
Received Import Request.
  Time since last request: 0.172658 seconds.
  path: Assets/UnityTechnologies/Basic Asset Pack Interior/Prefabs/Props/Books.prefab
  artifactKey: Guid(8062fd9b85c788e418915692eb5c78e3) Importer(815301076,1909f56bfc062723c751e8b465ee728b)
Start importing Assets/UnityTechnologies/Basic Asset Pack Interior/Prefabs/Props/Books.prefab using Guid(8062fd9b85c788e418915692eb5c78e3) Importer(815301076,1909f56bfc062723c751e8b465ee728b) (PreviewImporter) -> (artifact id: 'a4d048f6364e921c84e147cb98f6fd86') in 0.4425929 seconds
Number of updated asset objects reloaded before import = 0Number of asset objects unloaded after import = 29

========================================================================
Received Import Request.
  Time since last request: 0.000033 seconds.
  path: Assets/UnityTechnologies/Basic Asset Pack Interior/Prefabs/Props/PlantPotMedium.prefab
  artifactKey: Guid(b2b1040f29fd5ed4bb531ba5954b983f) Importer(815301076,1909f56bfc062723c751e8b465ee728b)
Start importing Assets/UnityTechnologies/Basic Asset Pack Interior/Prefabs/Props/PlantPotMedium.prefab using Guid(b2b1040f29fd5ed4bb531ba5954b983f) Importer(815301076,1909f56bfc062723c751e8b465ee728b) (PreviewImporter) -> (artifact id: '18cb96f706b29f4ae70c992326baccb6') in 0.019063 seconds
Number of updated asset objects reloaded before import = 0Number of asset objects unloaded after import = 20

========================================================================
Received Import Request.
  Time since last request: 0.000027 seconds.
  path: Assets/UnityTechnologies/Basic Asset Pack Interior/Prefabs/Props/VaseSmall.prefab
  artifactKey: Guid(866bdbed2037c124c96163a0f79b27f6) Importer(815301076,1909f56bfc062723c751e8b465ee728b)
Start importing Assets/UnityTechnologies/Basic Asset Pack Interior/Prefabs/Props/VaseSmall.prefab using Guid(866bdbed2037c124c96163a0f79b27f6) Importer(815301076,1909f56bfc062723c751e8b465ee728b) (PreviewImporter) -> (artifact id: 'e7340e92c767d8c043190675d1d3688d') in 0.0176856 seconds
Number of updated asset objects reloaded before import = 0Number of asset objects unloaded after import = 9

========================================================================
Received Import Request.
  Time since last request: 0.000023 seconds.
  path: Assets/UnityTechnologies/Basic Asset Pack Interior/Prefabs/Props/VaseTall.prefab
  artifactKey: Guid(244b8dc28935cd042b8b4dc91f673007) Importer(815301076,1909f56bfc062723c751e8b465ee728b)
Start importing Assets/UnityTechnologies/Basic Asset Pack Interior/Prefabs/Props/VaseTall.prefab using Guid(244b8dc28935cd042b8b4dc91f673007) Importer(815301076,1909f56bfc062723c751e8b465ee728b) (PreviewImporter) -> (artifact id: '2571e14338accce4e24cc0c6c2e32e30') in 0.0173807 seconds
Number of updated asset objects reloaded before import = 0Number of asset objects unloaded after import = 9

========================================================================
Received Import Request.
  Time since last request: 1.276378 seconds.
  path: Assets/UnityTechnologies/Basic Asset Pack Interior/Textures
  artifactKey: Guid(3d7b4331008677247b5e61eefeb554c7) Importer(815301076,1909f56bfc062723c751e8b465ee728b)
Start importing Assets/UnityTechnologies/Basic Asset Pack Interior/Textures using Guid(3d7b4331008677247b5e61eefeb554c7) Importer(815301076,1909f56bfc062723c751e8b465ee728b) (PreviewImporter) -> (artifact id: '86874f8e53ab87c5ec0ef886e0bc05dc') in 0.0005324 seconds
Number of updated asset objects reloaded before import = 0Number of asset objects unloaded after import = 0

========================================================================
Received Import Request.
  Time since last request: 0.185462 seconds.
  path: Assets/UnityTechnologies/Basic Asset Pack Interior/Textures/Floor_BeigeStripes.jpg
  artifactKey: Guid(01e75fac537f199469b905e8b40bbc1d) Importer(815301076,1909f56bfc062723c751e8b465ee728b)
Start importing Assets/UnityTechnologies/Basic Asset Pack Interior/Textures/Floor_BeigeStripes.jpg using Guid(01e75fac537f199469b905e8b40bbc1d) Importer(815301076,1909f56bfc062723c751e8b465ee728b) (PreviewImporter) -> (artifact id: 'a6586e242bb4b2e3e83b72bd64656e9f') in 0.0232205 seconds
Number of updated asset objects reloaded before import = 0Number of asset objects unloaded after import = 2

========================================================================
Received Import Request.
  Time since last request: 0.000019 seconds.
  path: Assets/UnityTechnologies/Basic Asset Pack Interior/Textures/TrimSheet_GreenPurple.jpg
  artifactKey: Guid(52c85e3b301cb994a95b587b7245215e) Importer(815301076,1909f56bfc062723c751e8b465ee728b)
Start importing Assets/UnityTechnologies/Basic Asset Pack Interior/Textures/TrimSheet_GreenPurple.jpg using Guid(52c85e3b301cb994a95b587b7245215e) Importer(815301076,1909f56bfc062723c751e8b465ee728b) (PreviewImporter) -> (artifact id: '51041a557d36185ac67554267de22f0e') in 0.0141015 seconds
Number of updated asset objects reloaded before import = 0Number of asset objects unloaded after import = 2

========================================================================
Received Import Request.
  Time since last request: 0.000044 seconds.
  path: Assets/UnityTechnologies/Basic Asset Pack Interior/Textures/SpotsGrey.jpg
  artifactKey: Guid(bcb9cca11e38f1a408090ebb7fe1d0ee) Importer(815301076,1909f56bfc062723c751e8b465ee728b)
Start importing Assets/UnityTechnologies/Basic Asset Pack Interior/Textures/SpotsGrey.jpg using Guid(bcb9cca11e38f1a408090ebb7fe1d0ee) Importer(815301076,1909f56bfc062723c751e8b465ee728b) (PreviewImporter) -> (artifact id: '97ae246b8fbb256e837df313ce75b9dd') in 0.0136599 seconds
Number of updated asset objects reloaded before import = 0Number of asset objects unloaded after import = 2

========================================================================
Received Import Request.
  Time since last request: 0.000025 seconds.
  path: Assets/UnityTechnologies/Basic Asset Pack Interior/Textures/StripesGreen.jpg
  artifactKey: Guid(ccf9b3b0a017b424bb283a6622b34cf4) Importer(815301076,1909f56bfc062723c751e8b465ee728b)
Start importing Assets/UnityTechnologies/Basic Asset Pack Interior/Textures/StripesGreen.jpg using Guid(ccf9b3b0a017b424bb283a6622b34cf4) Importer(815301076,1909f56bfc062723c751e8b465ee728b) (PreviewImporter) -> (artifact id: '00b4e5126a448649724eee87019ddbf8') in 0.0141048 seconds
Number of updated asset objects reloaded before import = 0Number of asset objects unloaded after import = 2

========================================================================
Received Import Request.
  Time since last request: 0.000019 seconds.
  path: Assets/UnityTechnologies/Basic Asset Pack Interior/Textures/StripesPurple.jpg
  artifactKey: Guid(6562ded31e93f3f4ab42beb53875da47) Importer(815301076,1909f56bfc062723c751e8b465ee728b)
Start importing Assets/UnityTechnologies/Basic Asset Pack Interior/Textures/StripesPurple.jpg using Guid(6562ded31e93f3f4ab42beb53875da47) Importer(815301076,1909f56bfc062723c751e8b465ee728b) (PreviewImporter) -> (artifact id: 'e5d6a7222bae260cf3ed0b1f8004dafb') in 0.0135306 seconds
Number of updated asset objects reloaded before import = 0Number of asset objects unloaded after import = 2

========================================================================
Received Import Request.
  Time since last request: 0.000017 seconds.
  path: Assets/UnityTechnologies/Basic Asset Pack Interior/Textures/SpotsGreen.jpg
  artifactKey: Guid(2f6061a15bf4e4e47b3cf5888a768e7a) Importer(815301076,1909f56bfc062723c751e8b465ee728b)
Start importing Assets/UnityTechnologies/Basic Asset Pack Interior/Textures/SpotsGreen.jpg using Guid(2f6061a15bf4e4e47b3cf5888a768e7a) Importer(815301076,1909f56bfc062723c751e8b465ee728b) (PreviewImporter) -> (artifact id: '4fc0e1e7487be9bca5a8e8a6206c8d8d') in 0.0155725 seconds
Number of updated asset objects reloaded before import = 0Number of asset objects unloaded after import = 2

========================================================================
Received Import Request.
  Time since last request: 0.000018 seconds.
  path: Assets/UnityTechnologies/Basic Asset Pack Interior/Textures/StripesGreenLime.jpg
  artifactKey: Guid(a9f62f6e0d02f5942a326a35fcb64cd7) Importer(815301076,1909f56bfc062723c751e8b465ee728b)
Start importing Assets/UnityTechnologies/Basic Asset Pack Interior/Textures/StripesGreenLime.jpg using Guid(a9f62f6e0d02f5942a326a35fcb64cd7) Importer(815301076,1909f56bfc062723c751e8b465ee728b) (PreviewImporter) -> (artifact id: '593eed998768369dff9027b59104fc31') in 0.0129908 seconds
Number of updated asset objects reloaded before import = 0Number of asset objects unloaded after import = 2

========================================================================
Received Import Request.
  Time since last request: 0.000018 seconds.
  path: Assets/UnityTechnologies/Basic Asset Pack Interior/Textures/SpotsGreenBlue.jpg
  artifactKey: Guid(2feaf4af3b736d747adf9b65cf5ead95) Importer(815301076,1909f56bfc062723c751e8b465ee728b)
Start importing Assets/UnityTechnologies/Basic Asset Pack Interior/Textures/SpotsGreenBlue.jpg using Guid(2feaf4af3b736d747adf9b65cf5ead95) Importer(815301076,1909f56bfc062723c751e8b465ee728b) (PreviewImporter) -> (artifact id: '00f11d6514217d4d70aa5011c3457e58') in 0.0144289 seconds
Number of updated asset objects reloaded before import = 0Number of asset objects unloaded after import = 2

========================================================================
Received Import Request.
  Time since last request: 0.000022 seconds.
  path: Assets/UnityTechnologies/Basic Asset Pack Interior/Textures/SpotsGreenLime.jpg
  artifactKey: Guid(93d0f0e92691ea649b409f1d3fd4eb2c) Importer(815301076,1909f56bfc062723c751e8b465ee728b)
Start importing Assets/UnityTechnologies/Basic Asset Pack Interior/Textures/SpotsGreenLime.jpg using Guid(93d0f0e92691ea649b409f1d3fd4eb2c) Importer(815301076,1909f56bfc062723c751e8b465ee728b) (PreviewImporter) -> (artifact id: '726326828673adca3b4b76411fa1ba5a') in 0.01477 seconds
Number of updated asset objects reloaded before import = 0Number of asset objects unloaded after import = 2

========================================================================
Received Import Request.
  Time since last request: 0.000016 seconds.
  path: Assets/UnityTechnologies/Basic Asset Pack Interior/Textures/WallGreenLight.jpg
  artifactKey: Guid(c5d6c52a4af1c5041b1f8e984e74797e) Importer(815301076,1909f56bfc062723c751e8b465ee728b)
Start importing Assets/UnityTechnologies/Basic Asset Pack Interior/Textures/WallGreenLight.jpg using Guid(c5d6c52a4af1c5041b1f8e984e74797e) Importer(815301076,1909f56bfc062723c751e8b465ee728b) (PreviewImporter) -> (artifact id: 'c7900d707b5109a66ce57d087da3b5de') in 0.014994 seconds
Number of updated asset objects reloaded before import = 0Number of asset objects unloaded after import = 2

========================================================================
Received Import Request.
  Time since last request: 0.000019 seconds.
  path: Assets/UnityTechnologies/Basic Asset Pack Interior/Textures/StripesGreenBlue.jpg
  artifactKey: Guid(c21504c1b0d9f1b4caef36918ccf938e) Importer(815301076,1909f56bfc062723c751e8b465ee728b)
Start importing Assets/UnityTechnologies/Basic Asset Pack Interior/Textures/StripesGreenBlue.jpg using Guid(c21504c1b0d9f1b4caef36918ccf938e) Importer(815301076,1909f56bfc062723c751e8b465ee728b) (PreviewImporter) -> (artifact id: '38610e73302c4429014b047d5722c058') in 0.013901 seconds
Number of updated asset objects reloaded before import = 0Number of asset objects unloaded after import = 2

========================================================================
Received Import Request.
  Time since last request: 0.000029 seconds.
  path: Assets/UnityTechnologies/Basic Asset Pack Interior/Textures/SmallProps.jpg
  artifactKey: Guid(b9378395c3f2bf94ea0c2c6a806d59c6) Importer(815301076,1909f56bfc062723c751e8b465ee728b)
Start importing Assets/UnityTechnologies/Basic Asset Pack Interior/Textures/SmallProps.jpg using Guid(b9378395c3f2bf94ea0c2c6a806d59c6) Importer(815301076,1909f56bfc062723c751e8b465ee728b) (PreviewImporter) -> (artifact id: 'a3a7caa5af1c4dcccfbc93a72f7ab450') in 0.0145105 seconds
Number of updated asset objects reloaded before import = 0Number of asset objects unloaded after import = 2

========================================================================
Received Import Request.
  Time since last request: 1.761655 seconds.
  path: Assets/UnityTechnologies/Settings
  artifactKey: Guid(f2f5c7ec5dd0a439a98c159973c28c49) Importer(815301076,1909f56bfc062723c751e8b465ee728b)
Start importing Assets/UnityTechnologies/Settings using Guid(f2f5c7ec5dd0a439a98c159973c28c49) Importer(815301076,1909f56bfc062723c751e8b465ee728b) (PreviewImporter) -> (artifact id: '7fdf8cb2106c713ad950959217af9045') in 0.0005238 seconds
Number of updated asset objects reloaded before import = 0Number of asset objects unloaded after import = 0

========================================================================
Received Import Request.
  Time since last request: 5.106210 seconds.
  path: Assets/UnityTechnologies/Basic Asset Pack Interior/Models
  artifactKey: Guid(7c5972f4d9ce3f94dbedd6953dab5cad) Importer(815301076,1909f56bfc062723c751e8b465ee728b)
Start importing Assets/UnityTechnologies/Basic Asset Pack Interior/Models using Guid(7c5972f4d9ce3f94dbedd6953dab5cad) Importer(815301076,1909f56bfc062723c751e8b465ee728b) (PreviewImporter) -> (artifact id: 'e2109b1485a9b3c6aeb4008c7e4ef2a7') in 0.000447 seconds
Number of updated asset objects reloaded before import = 0Number of asset objects unloaded after import = 0

========================================================================
Received Import Request.
  Time since last request: 0.101238 seconds.
  path: Assets/UnityTechnologies/Basic Asset Pack Interior/Models/BedDouble.FBX
  artifactKey: Guid(5ef75ced93ed5884dbcf4403d8018e7b) Importer(815301076,1909f56bfc062723c751e8b465ee728b)
Start importing Assets/UnityTechnologies/Basic Asset Pack Interior/Models/BedDouble.FBX using Guid(5ef75ced93ed5884dbcf4403d8018e7b) Importer(815301076,1909f56bfc062723c751e8b465ee728b) (PreviewImporter) -> (artifact id: 'f43e0142271667a79ffa8c5232a1402e') in 0.1777401 seconds
Number of updated asset objects reloaded before import = 0Number of asset objects unloaded after import = 8

========================================================================
Received Import Request.
  Time since last request: 0.000025 seconds.
  path: Assets/UnityTechnologies/Basic Asset Pack Interior/Models/SofaFootRest.FBX
  artifactKey: Guid(6defe750ce497f046826cf8092e5a10b) Importer(815301076,1909f56bfc062723c751e8b465ee728b)
Start importing Assets/UnityTechnologies/Basic Asset Pack Interior/Models/SofaFootRest.FBX using Guid(6defe750ce497f046826cf8092e5a10b) Importer(815301076,1909f56bfc062723c751e8b465ee728b) (PreviewImporter) -> (artifact id: '4835d28d79a0a8c618fdc0beb41ebde4') in 0.0197382 seconds
Number of updated asset objects reloaded before import = 0Number of asset objects unloaded after import = 7

========================================================================
Received Import Request.
  Time since last request: 0.000025 seconds.
  path: Assets/UnityTechnologies/Basic Asset Pack Interior/Models/Mug.FBX
  artifactKey: Guid(ecbd93ac9b16a704d81261a53ee644da) Importer(815301076,1909f56bfc062723c751e8b465ee728b)
Start importing Assets/UnityTechnologies/Basic Asset Pack Interior/Models/Mug.FBX using Guid(ecbd93ac9b16a704d81261a53ee644da) Importer(815301076,1909f56bfc062723c751e8b465ee728b) (PreviewImporter) -> (artifact id: '488e559f42f5f4df909666337f6c418c') in 0.0171686 seconds
Number of updated asset objects reloaded before import = 0Number of asset objects unloaded after import = 7

========================================================================
Received Import Request.
  Time since last request: 0.000019 seconds.
  path: Assets/UnityTechnologies/Basic Asset Pack Interior/Models/LampTall.FBX
  artifactKey: Guid(ed0b608e38da5ea4092241c0bfa570cd) Importer(815301076,1909f56bfc062723c751e8b465ee728b)
Start importing Assets/UnityTechnologies/Basic Asset Pack Interior/Models/LampTall.FBX using Guid(ed0b608e38da5ea4092241c0bfa570cd) Importer(815301076,1909f56bfc062723c751e8b465ee728b) (PreviewImporter) -> (artifact id: '925270e919a1a6c9f49f89aa0f9021d6') in 0.0332907 seconds
Number of updated asset objects reloaded before import = 0Number of asset objects unloaded after import = 19

========================================================================
Received Import Request.
  Time since last request: 0.000019 seconds.
  path: Assets/UnityTechnologies/Basic Asset Pack Interior/Models/TableRectangleShort.FBX
  artifactKey: Guid(1fa13df843e49b6489209c4a6f08aee2) Importer(815301076,1909f56bfc062723c751e8b465ee728b)
Start importing Assets/UnityTechnologies/Basic Asset Pack Interior/Models/TableRectangleShort.FBX using Guid(1fa13df843e49b6489209c4a6f08aee2) Importer(815301076,1909f56bfc062723c751e8b465ee728b) (PreviewImporter) -> (artifact id: '45e3c5dcef913af9b970dacf3860adef') in 0.0178366 seconds
Number of updated asset objects reloaded before import = 0Number of asset objects unloaded after import = 7

========================================================================
Received Import Request.
  Time since last request: 0.000017 seconds.
  path: Assets/UnityTechnologies/Basic Asset Pack Interior/Models/PlantSnakeLarge.FBX
  artifactKey: Guid(9d5cb14ab3a6a4a4da95fcf86af268da) Importer(815301076,1909f56bfc062723c751e8b465ee728b)
Start importing Assets/UnityTechnologies/Basic Asset Pack Interior/Models/PlantSnakeLarge.FBX using Guid(9d5cb14ab3a6a4a4da95fcf86af268da) Importer(815301076,1909f56bfc062723c751e8b465ee728b) (PreviewImporter) -> (artifact id: '35cfa10570ca65776497a22a137fff46') in 0.0199011 seconds
Number of updated asset objects reloaded before import = 0Number of asset objects unloaded after import = 7

========================================================================
Received Import Request.
  Time since last request: 0.000016 seconds.
  path: Assets/UnityTechnologies/Basic Asset Pack Interior/Models/PlantPotRoundMedium.FBX
  artifactKey: Guid(2a621bc3f19c8774d8fc0497ebc0f764) Importer(815301076,1909f56bfc062723c751e8b465ee728b)
Start importing Assets/UnityTechnologies/Basic Asset Pack Interior/Models/PlantPotRoundMedium.FBX using Guid(2a621bc3f19c8774d8fc0497ebc0f764) Importer(815301076,1909f56bfc062723c751e8b465ee728b) (PreviewImporter) -> (artifact id: 'b289cb18628b98c95ef141aba0d7ccef') in 0.0204841 seconds
Number of updated asset objects reloaded before import = 0Number of asset objects unloaded after import = 7

========================================================================
Received Import Request.
  Time since last request: 0.000025 seconds.
  path: Assets/UnityTechnologies/Basic Asset Pack Interior/Models/Books.FBX
  artifactKey: Guid(f070b181d7aa14a48ba6da721ed534bf) Importer(815301076,1909f56bfc062723c751e8b465ee728b)
Start importing Assets/UnityTechnologies/Basic Asset Pack Interior/Models/Books.FBX using Guid(f070b181d7aa14a48ba6da721ed534bf) Importer(815301076,1909f56bfc062723c751e8b465ee728b) (PreviewImporter) -> (artifact id: '84c890de79b2afbc5eccc8ab45a4b0c3') in 0.0352945 seconds
Number of updated asset objects reloaded before import = 0Number of asset objects unloaded after import = 24

========================================================================
Received Import Request.
  Time since last request: 0.000020 seconds.
  path: Assets/UnityTechnologies/Basic Asset Pack Interior/Models/LampShadeTube.FBX
  artifactKey: Guid(080908627e0e2a74a927b7260cc23ec3) Importer(815301076,1909f56bfc062723c751e8b465ee728b)
Start importing Assets/UnityTechnologies/Basic Asset Pack Interior/Models/LampShadeTube.FBX using Guid(080908627e0e2a74a927b7260cc23ec3) Importer(815301076,1909f56bfc062723c751e8b465ee728b) (PreviewImporter) -> (artifact id: 'd058d2e6f9721ad1d38454a1b7b008d1') in 0.0161558 seconds
Number of updated asset objects reloaded before import = 0Number of asset objects unloaded after import = 7

========================================================================
Received Import Request.
  Time since last request: 0.000024 seconds.
  path: Assets/UnityTechnologies/Basic Asset Pack Interior/Models/TableNarrowSingleDraw.FBX
  artifactKey: Guid(97a0194b97270584fa02972e33e11013) Importer(815301076,1909f56bfc062723c751e8b465ee728b)
Start importing Assets/UnityTechnologies/Basic Asset Pack Interior/Models/TableNarrowSingleDraw.FBX using Guid(97a0194b97270584fa02972e33e11013) Importer(815301076,1909f56bfc062723c751e8b465ee728b) (PreviewImporter) -> (artifact id: '76edf4b3fc46cd3dfc1065864b13cb66') in 0.0173673 seconds
Number of updated asset objects reloaded before import = 0Number of asset objects unloaded after import = 7

========================================================================
Received Import Request.
  Time since last request: 0.000018 seconds.
  path: Assets/UnityTechnologies/Basic Asset Pack Interior/Models/SofaArmChair.FBX
  artifactKey: Guid(25a68030206341c4fb8fde17a476a99f) Importer(815301076,1909f56bfc062723c751e8b465ee728b)
Start importing Assets/UnityTechnologies/Basic Asset Pack Interior/Models/SofaArmChair.FBX using Guid(25a68030206341c4fb8fde17a476a99f) Importer(815301076,1909f56bfc062723c751e8b465ee728b) (PreviewImporter) -> (artifact id: '3b6959e665f059c426c8e72324d75afa') in 0.0177022 seconds
Number of updated asset objects reloaded before import = 0Number of asset objects unloaded after import = 7

========================================================================
Received Import Request.
  Time since last request: 0.000023 seconds.
  path: Assets/UnityTechnologies/Basic Asset Pack Interior/Models/ShelvesTallA.FBX
  artifactKey: Guid(6feafe1c36564fa41bacd7cb95083cf5) Importer(815301076,1909f56bfc062723c751e8b465ee728b)
Start importing Assets/UnityTechnologies/Basic Asset Pack Interior/Models/ShelvesTallA.FBX using Guid(6feafe1c36564fa41bacd7cb95083cf5) Importer(815301076,1909f56bfc062723c751e8b465ee728b) (PreviewImporter) -> (artifact id: '81b1175bdf63720e158c0ea8ac8ce7ec') in 0.0175746 seconds
Number of updated asset objects reloaded before import = 0Number of asset objects unloaded after import = 7

========================================================================
Received Import Request.
  Time since last request: 0.000019 seconds.
  path: Assets/UnityTechnologies/Basic Asset Pack Interior/Models/VaseTall.FBX
  artifactKey: Guid(5d0bee9200f22e5408e8aae6a2eba395) Importer(815301076,1909f56bfc062723c751e8b465ee728b)
Start importing Assets/UnityTechnologies/Basic Asset Pack Interior/Models/VaseTall.FBX using Guid(5d0bee9200f22e5408e8aae6a2eba395) Importer(815301076,1909f56bfc062723c751e8b465ee728b) (PreviewImporter) -> (artifact id: 'ea18fce461ac4a839cc90f7fc520a6eb') in 0.0177683 seconds
Number of updated asset objects reloaded before import = 0Number of asset objects unloaded after import = 7

========================================================================
Received Import Request.
  Time since last request: 2.082428 seconds.
  path: Assets/UnityTechnologies/Basic Asset Pack Interior/Materials
  artifactKey: Guid(d7014c2cb7feb714a90c13672a7b7661) Importer(815301076,1909f56bfc062723c751e8b465ee728b)
Start importing Assets/UnityTechnologies/Basic Asset Pack Interior/Materials using Guid(d7014c2cb7feb714a90c13672a7b7661) Importer(815301076,1909f56bfc062723c751e8b465ee728b) (PreviewImporter) -> (artifact id: '6726883993b549129b8d3463531cb11d') in 0.0005188 seconds
Number of updated asset objects reloaded before import = 0Number of asset objects unloaded after import = 0

========================================================================
Received Import Request.
  Time since last request: 0.043457 seconds.
  path: Assets/UnityTechnologies/Basic Asset Pack Interior/Materials/Cream.mat
  artifactKey: Guid(3f6142e08336f4e46811b4f657bc9b94) Importer(815301076,1909f56bfc062723c751e8b465ee728b)
Start importing Assets/UnityTechnologies/Basic Asset Pack Interior/Materials/Cream.mat using Guid(3f6142e08336f4e46811b4f657bc9b94) Importer(815301076,1909f56bfc062723c751e8b465ee728b) (PreviewImporter) -> (artifact id: 'b243a167eaa9f7c73e6bcf75f6449a67') in 0.0388929 seconds
Number of updated asset objects reloaded before import = 0Number of asset objects unloaded after import = 1

========================================================================
Received Import Request.
  Time since last request: 0.000021 seconds.
  path: Assets/UnityTechnologies/Basic Asset Pack Interior/Materials/PatternSpotGreenSmall.mat
  artifactKey: Guid(a4ce96baccb03d24e8484ae0d02b6c3f) Importer(815301076,1909f56bfc062723c751e8b465ee728b)
Start importing Assets/UnityTechnologies/Basic Asset Pack Interior/Materials/PatternSpotGreenSmall.mat using Guid(a4ce96baccb03d24e8484ae0d02b6c3f) Importer(815301076,1909f56bfc062723c751e8b465ee728b) (PreviewImporter) -> (artifact id: '1f8fcd81afed7d2634069436746afca2') in 0.0180571 seconds
Number of updated asset objects reloaded before import = 0Number of asset objects unloaded after import = 2

========================================================================
Received Import Request.
  Time since last request: 0.000016 seconds.
  path: Assets/UnityTechnologies/Basic Asset Pack Interior/Materials/WallGrey.mat
  artifactKey: Guid(9e8597a68e94e804d9874df594ebb10c) Importer(815301076,1909f56bfc062723c751e8b465ee728b)
Start importing Assets/UnityTechnologies/Basic Asset Pack Interior/Materials/WallGrey.mat using Guid(9e8597a68e94e804d9874df594ebb10c) Importer(815301076,1909f56bfc062723c751e8b465ee728b) (PreviewImporter) -> (artifact id: 'c8c64f73470d3884524e86ee24269811') in 0.017906 seconds
Number of updated asset objects reloaded before import = 0Number of asset objects unloaded after import = 2

========================================================================
Received Import Request.
  Time since last request: 0.000015 seconds.
  path: Assets/UnityTechnologies/Basic Asset Pack Interior/Materials/WallGreenDarker.mat
  artifactKey: Guid(fda5f98a2190baf4eba512ae9655e2ff) Importer(815301076,1909f56bfc062723c751e8b465ee728b)
Start importing Assets/UnityTechnologies/Basic Asset Pack Interior/Materials/WallGreenDarker.mat using Guid(fda5f98a2190baf4eba512ae9655e2ff) Importer(815301076,1909f56bfc062723c751e8b465ee728b) (PreviewImporter) -> (artifact id: '15c49d0ab8b3c62fdf7007594892412e') in 0.0188002 seconds
Number of updated asset objects reloaded before import = 0Number of asset objects unloaded after import = 2

========================================================================
Received Import Request.
  Time since last request: 0.000017 seconds.
  path: Assets/UnityTechnologies/Basic Asset Pack Interior/Materials/PatternSpotPurple.mat
  artifactKey: Guid(173e1910c873d164a8e5b12ead9f9b37) Importer(815301076,1909f56bfc062723c751e8b465ee728b)
Start importing Assets/UnityTechnologies/Basic Asset Pack Interior/Materials/PatternSpotPurple.mat using Guid(173e1910c873d164a8e5b12ead9f9b37) Importer(815301076,1909f56bfc062723c751e8b465ee728b) (PreviewImporter) -> (artifact id: '915bdbb5fa76957537454d9294d00fab') in 0.0185462 seconds
Number of updated asset objects reloaded before import = 0Number of asset objects unloaded after import = 2

========================================================================
Received Import Request.
  Time since last request: 0.000018 seconds.
  path: Assets/UnityTechnologies/Basic Asset Pack Interior/Materials/PatternStripeGreen.mat
  artifactKey: Guid(f22528325483e2746a2c633d7a2ae22c) Importer(815301076,1909f56bfc062723c751e8b465ee728b)
Start importing Assets/UnityTechnologies/Basic Asset Pack Interior/Materials/PatternStripeGreen.mat using Guid(f22528325483e2746a2c633d7a2ae22c) Importer(815301076,1909f56bfc062723c751e8b465ee728b) (PreviewImporter) -> (artifact id: 'ff563ecdda2772478fed0f7ef368bbc4') in 0.0167656 seconds
Number of updated asset objects reloaded before import = 0Number of asset objects unloaded after import = 2

========================================================================
Received Import Request.
  Time since last request: 0.000026 seconds.
  path: Assets/UnityTechnologies/Basic Asset Pack Interior/Materials/SmallProps.mat
  artifactKey: Guid(ec3aef968e8b7cd4dbde72f86144a923) Importer(815301076,1909f56bfc062723c751e8b465ee728b)
Start importing Assets/UnityTechnologies/Basic Asset Pack Interior/Materials/SmallProps.mat using Guid(ec3aef968e8b7cd4dbde72f86144a923) Importer(815301076,1909f56bfc062723c751e8b465ee728b) (PreviewImporter) -> (artifact id: '8069732a175d6c0df3efa7840d41d061') in 0.0195819 seconds
Number of updated asset objects reloaded before import = 0Number of asset objects unloaded after import = 2

========================================================================
Received Import Request.
  Time since last request: 0.000018 seconds.
  path: Assets/UnityTechnologies/Basic Asset Pack Interior/Materials/PatternSpotGreenBig.mat
  artifactKey: Guid(11ec10ab08ff11a40a2ed07f256a01a5) Importer(815301076,1909f56bfc062723c751e8b465ee728b)
Start importing Assets/UnityTechnologies/Basic Asset Pack Interior/Materials/PatternSpotGreenBig.mat using Guid(11ec10ab08ff11a40a2ed07f256a01a5) Importer(815301076,1909f56bfc062723c751e8b465ee728b) (PreviewImporter) -> (artifact id: 'f7c9dcc7572062cf64420f6fd9944e0f') in 0.0162682 seconds
Number of updated asset objects reloaded before import = 0Number of asset objects unloaded after import = 2

Editor requested this worker to shutdown with reason: Scaling down because of idle timeout
AssetImportWorker is now disconnected from the server
Process exiting
Exiting without the bug reporter. Application will terminate with return code 0